mode: set
github.com/brunoshiroma/go-proxy/internal/server/pipe.go:13.43,24.6 6 0
github.com/brunoshiroma/go-proxy/internal/server/pipe.go:24.6,28.17 2 0
github.com/brunoshiroma/go-proxy/internal/server/pipe.go:39.3,39.16 1 0
github.com/brunoshiroma/go-proxy/internal/server/pipe.go:43.3,50.17 7 0
github.com/brunoshiroma/go-proxy/internal/server/pipe.go:28.17,29.21 1 0
github.com/brunoshiroma/go-proxy/internal/server/pipe.go:36.4,36.9 1 0
github.com/brunoshiroma/go-proxy/internal/server/pipe.go:29.21,31.5 1 0
github.com/brunoshiroma/go-proxy/internal/server/pipe.go:31.10,31.74 1 0
github.com/brunoshiroma/go-proxy/internal/server/pipe.go:31.74,33.5 1 0
github.com/brunoshiroma/go-proxy/internal/server/pipe.go:33.10,35.5 1 0
github.com/brunoshiroma/go-proxy/internal/server/pipe.go:39.16,41.12 2 0
github.com/brunoshiroma/go-proxy/internal/server/pipe.go:50.17,51.21 1 0
github.com/brunoshiroma/go-proxy/internal/server/pipe.go:55.4,57.9 3 0
github.com/brunoshiroma/go-proxy/internal/server/pipe.go:51.21,54.5 2 0
github.com/brunoshiroma/go-proxy/internal/server/httpserver.go:31.40,33.2 1 0
github.com/brunoshiroma/go-proxy/internal/server/httpserver.go:38.62,40.17 1 1
github.com/brunoshiroma/go-proxy/internal/server/httpserver.go:44.2,47.16 3 0
github.com/brunoshiroma/go-proxy/internal/server/httpserver.go:53.2,57.27 4 0
github.com/brunoshiroma/go-proxy/internal/server/httpserver.go:40.17,42.3 1 1
github.com/brunoshiroma/go-proxy/internal/server/httpserver.go:47.16,51.3 3 0
github.com/brunoshiroma/go-proxy/internal/server/httpserver.go:60.67,62.70 1 0
github.com/brunoshiroma/go-proxy/internal/server/httpserver.go:73.2,73.18 1 0
github.com/brunoshiroma/go-proxy/internal/server/httpserver.go:76.2,76.12 1 0
github.com/brunoshiroma/go-proxy/internal/server/httpserver.go:62.70,64.24 2 0
github.com/brunoshiroma/go-proxy/internal/server/httpserver.go:64.24,70.4 2 0
github.com/brunoshiroma/go-proxy/internal/server/httpserver.go:73.18,75.3 1 0
github.com/brunoshiroma/go-proxy/internal/server/httpserver.go:79.77,85.16 3 1
github.com/brunoshiroma/go-proxy/internal/server/httpserver.go:89.2,92.16 3 1
github.com/brunoshiroma/go-proxy/internal/server/httpserver.go:97.2,100.16 3 0
github.com/brunoshiroma/go-proxy/internal/server/httpserver.go:105.2,107.38 2 0
github.com/brunoshiroma/go-proxy/internal/server/httpserver.go:111.2,112.18 2 0
github.com/brunoshiroma/go-proxy/internal/server/httpserver.go:85.16,88.3 2 0
github.com/brunoshiroma/go-proxy/internal/server/httpserver.go:92.16,95.3 2 1
github.com/brunoshiroma/go-proxy/internal/server/httpserver.go:100.16,103.3 2 0
github.com/brunoshiroma/go-proxy/internal/server/httpserver.go:107.38,109.3 1 0
github.com/brunoshiroma/go-proxy/internal/server/httpserver.go:115.52,116.38 1 1
github.com/brunoshiroma/go-proxy/internal/server/httpserver.go:116.38,117.45 1 1
github.com/brunoshiroma/go-proxy/internal/server/httpserver.go:117.45,120.4 2 0
github.com/brunoshiroma/go-proxy/internal/server/httpserver.go:120.9,122.4 1 1
github.com/brunoshiroma/go-proxy/internal/server/httpserver.go:123.8,125.3 1 0
github.com/brunoshiroma/go-proxy/internal/server/httpserver.go:128.102,132.29 3 1
github.com/brunoshiroma/go-proxy/internal/server/httpserver.go:137.2,138.40 2 1
github.com/brunoshiroma/go-proxy/internal/server/httpserver.go:145.2,145.16 1 1
github.com/brunoshiroma/go-proxy/internal/server/httpserver.go:149.2,149.60 1 1
github.com/brunoshiroma/go-proxy/internal/server/httpserver.go:157.2,157.8 1 1
github.com/brunoshiroma/go-proxy/internal/server/httpserver.go:132.29,135.3 2 0
github.com/brunoshiroma/go-proxy/internal/server/httpserver.go:138.40,141.3 2 0
github.com/brunoshiroma/go-proxy/internal/server/httpserver.go:141.8,143.3 1 1
github.com/brunoshiroma/go-proxy/internal/server/httpserver.go:145.16,147.3 1 0
github.com/brunoshiroma/go-proxy/internal/server/httpserver.go:149.60,150.36 1 0
github.com/brunoshiroma/go-proxy/internal/server/httpserver.go:150.36,152.28 2 0
github.com/brunoshiroma/go-proxy/internal/server/httpserver.go:152.28,154.5 1 0
github.com/brunoshiroma/go-proxy/internal/server/httpserver.go:160.54,163.16 3 0
github.com/brunoshiroma/go-proxy/internal/server/httpserver.go:163.16,166.3 2 0
github.com/brunoshiroma/go-proxy/internal/server/httpserver.go:166.8,170.52 3 0
github.com/brunoshiroma/go-proxy/internal/server/httpserver.go:170.52,179.4 6 0
github.com/brunoshiroma/go-proxy/internal/server/httpserver.go:179.9,181.4 1 0
github.com/brunoshiroma/go-proxy/internal/server/httpserver.go:186.68,189.16 2 0
github.com/brunoshiroma/go-proxy/internal/server/httpserver.go:189.16,191.3 1 0
github.com/brunoshiroma/go-proxy/internal/server/httpserver.go:191.8,194.3 2 0
github.com/brunoshiroma/go-proxy/internal/server/httpserver.go:199.74,202.16 2 0
github.com/brunoshiroma/go-proxy/internal/server/httpserver.go:210.2,212.16 2 0
github.com/brunoshiroma/go-proxy/internal/server/httpserver.go:202.16,205.3 2 0
github.com/brunoshiroma/go-proxy/internal/server/httpserver.go:205.8,208.3 2 0
github.com/brunoshiroma/go-proxy/internal/server/httpserver.go:212.16,214.3 1 0
github.com/brunoshiroma/go-proxy/internal/server/httpserver.go:214.8,220.7 3 0
github.com/brunoshiroma/go-proxy/internal/server/httpserver.go:220.7,223.18 2 0
github.com/brunoshiroma/go-proxy/internal/server/httpserver.go:223.18,225.5 1 0
github.com/brunoshiroma/go-proxy/internal/server/httpserver.go:225.10,227.5 1 0
github.com/brunoshiroma/go-proxy/internal/server/httpserver.go:234.20,235.48 1 0
github.com/brunoshiroma/go-proxy/internal/server/httpserver.go:235.48,238.3 2 0
github.com/brunoshiroma/go-proxy/internal/server/new_pipe.go:8.46,18.2 8 1
